[debug] [2026-06-24T02:31:59.439Z] ----------------------------------------------------------------------
[debug] [2026-06-24T02:31:59.442Z] Command:       D:\Program Files\node.exe C:\Users\Admin\AppData\Roaming\npm\node_modules\firebase-tools\lib\bin\firebase.js deploy --only firestore:indexes
[debug] [2026-06-24T02:31:59.443Z] CLI Version:   15.22.0
[debug] [2026-06-24T02:31:59.443Z] Platform:      win32
[debug] [2026-06-24T02:31:59.443Z] Node Version:  v24.11.1
[debug] [2026-06-24T02:31:59.443Z] Detected Agent: unknown
[debug] [2026-06-24T02:31:59.443Z] Time:          Wed Jun 24 2026 09:31:59 GMT+0700 (Indochina Time)
[debug] [2026-06-24T02:31:59.443Z] ----------------------------------------------------------------------
[debug] 
[debug] [2026-06-24T02:31:59.446Z] >>> [apiv2][query] GET https://firebase-public.firebaseio.com/cli.json [none]
[debug] [2026-06-24T02:32:33.410Z] > command requires scopes: ["email","openid","https://www.googleapis.com/auth/cloudplatformprojects.readonly","https://www.googleapis.com/auth/firebase","https://www.googleapis.com/auth/cloud-platform"]
[debug] [2026-06-24T02:32:33.410Z] > authorizing via signed-in user (22130347@st.hcmuaf.edu.vn)
[debug] [2026-06-24T02:32:33.410Z] [iam] checking project convenience-store-manager for permissions ["datastore.indexes.create","datastore.indexes.delete","datastore.indexes.list","datastore.indexes.update","firebase.projects.get"]
[debug] [2026-06-24T02:32:33.411Z] Checked if tokens are valid: false, expires at: 1782108959864
[debug] [2026-06-24T02:32:33.412Z] Checked if tokens are valid: false, expires at: 1782108959864
[debug] [2026-06-24T02:32:33.412Z] > refreshing access token with scopes: []
[debug] [2026-06-24T02:32:33.415Z] >>> [apiv2][query] POST https://www.googleapis.com/oauth2/v3/token [none]
[debug] [2026-06-24T02:32:33.415Z] >>> [apiv2][body] POST https://www.googleapis.com/oauth2/v3/token [omitted]
[debug] [2026-06-24T02:32:33.657Z] <<< [apiv2][status] POST https://www.googleapis.com/oauth2/v3/token 200
[debug] [2026-06-24T02:32:33.657Z] <<< [apiv2][body] POST https://www.googleapis.com/oauth2/v3/token [omitted]
[debug] [2026-06-24T02:32:33.703Z] >>> [apiv2][query] POST https://cloudresourcemanager.googleapis.com/v1/projects/convenience-store-manager:testIamPermissions [none]
[debug] [2026-06-24T02:32:33.703Z] >>> [apiv2][(partial)header] POST https://cloudresourcemanager.googleapis.com/v1/projects/convenience-store-manager:testIamPermissions  x-goog-user-project=convenience-store-manager
[debug] [2026-06-24T02:32:33.703Z] >>> [apiv2][body] POST https://cloudresourcemanager.googleapis.com/v1/projects/convenience-store-manager:testIamPermissions {"permissions":["datastore.indexes.create","datastore.indexes.delete","datastore.indexes.list","datastore.indexes.update","firebase.projects.get"]}
[debug] [2026-06-24T02:32:34.020Z] <<< [apiv2][status] GET https://firebase-public.firebaseio.com/cli.json 200
[debug] [2026-06-24T02:32:34.021Z] <<< [apiv2][body] GET https://firebase-public.firebaseio.com/cli.json {"cloudBuildErrorAfter":1594252800000,"cloudBuildWarnAfter":1590019200000,"defaultNode10After":1594252800000,"minVersion":"3.0.5","node8DeploysDisabledAfter":1613390400000,"node8RuntimeDisabledAfter":1615809600000,"node8WarnAfter":1600128000000}
[debug] [2026-06-24T02:32:34.215Z] <<< [apiv2][status] POST https://cloudresourcemanager.googleapis.com/v1/projects/convenience-store-manager:testIamPermissions 200
[debug] [2026-06-24T02:32:34.216Z] <<< [apiv2][body] POST https://cloudresourcemanager.googleapis.com/v1/projects/convenience-store-manager:testIamPermissions {"permissions":["datastore.indexes.create","datastore.indexes.delete","datastore.indexes.list","datastore.indexes.update","firebase.projects.get"]}
[info] 
[info] === Deploying to 'convenience-store-manager'...
[info] 
[info] i  deploying firestore 
[info] i  firestore: ensuring required API firestore.googleapis.com is enabled... 
[info] i  firestore: ensuring required API firestore.googleapis.com is enabled... 
[debug] [2026-06-24T02:32:34.222Z] Checked if tokens are valid: true, expires at: 1782271952657
[debug] [2026-06-24T02:32:34.223Z] Checked if tokens are valid: true, expires at: 1782271952657
[debug] [2026-06-24T02:32:34.223Z] >>> [apiv2][query] GET https://firestore.googleapis.com/v1/projects/convenience-store-manager/databases/(default) [none]
[debug] [2026-06-24T02:32:34.744Z] <<< [apiv2][status] GET https://firestore.googleapis.com/v1/projects/convenience-store-manager/databases/(default) 200
[debug] [2026-06-24T02:32:34.744Z] <<< [apiv2][body] GET https://firestore.googleapis.com/v1/projects/convenience-store-manager/databases/(default) {"name":"projects/convenience-store-manager/databases/(default)","uid":"99637f07-24df-4d95-8220-2ccb4dc70bc5","createTime":"2026-06-19T08:28:38.188802Z","updateTime":"2026-06-19T08:28:38.188802Z","locationId":"asia-east1","type":"FIRESTORE_NATIVE","concurrencyMode":"PESSIMISTIC","versionRetentionPeriod":"3600s","earliestVersionTime":"2026-06-24T01:33:41.879575Z","appEngineIntegrationMode":"DISABLED","keyPrefix":"zde","pointInTimeRecoveryEnablement":"POINT_IN_TIME_RECOVERY_DISABLED","deleteProtectionState":"DELETE_PROTECTION_DISABLED","databaseEdition":"STANDARD","freeTier":true,"realtimeUpdatesMode":"REALTIME_UPDATES_MODE_ENABLED","etag":"IN/muKHrnpUDMIPZgqnzkpUD"}
[info] i  firestore: reading indexes from firestore.indexes.json... 
[info] i  cloud.firestore: checking firestore.rules for compilation errors... 
[debug] [2026-06-24T02:32:34.765Z] Checked if tokens are valid: true, expires at: 1782271952657
[debug] [2026-06-24T02:32:34.766Z] Checked if tokens are valid: true, expires at: 1782271952657
[debug] [2026-06-24T02:32:34.766Z] >>> [apiv2][query] POST https://firebaserules.googleapis.com/v1/projects/convenience-store-manager:test [none]
[debug] [2026-06-24T02:32:34.766Z] >>> [apiv2][body] POST https://firebaserules.googleapis.com/v1/projects/convenience-store-manager:test [omitted]
[debug] [2026-06-24T02:32:35.335Z] <<< [apiv2][status] POST https://firebaserules.googleapis.com/v1/projects/convenience-store-manager:test 200
[debug] [2026-06-24T02:32:35.335Z] <<< [apiv2][body] POST https://firebaserules.googleapis.com/v1/projects/convenience-store-manager:test {}
[info] +  cloud.firestore: rules file firestore.rules compiled successfully 
[info] i  firestore: deploying indexes... 
[debug] [2026-06-24T02:32:35.338Z] Checked if tokens are valid: true, expires at: 1782271952657
[debug] [2026-06-24T02:32:35.338Z] Checked if tokens are valid: true, expires at: 1782271952657
[debug] [2026-06-24T02:32:35.338Z] >>> [apiv2][query] GET https://firestore.googleapis.com/v1/projects/convenience-store-manager/databases/(default)/collectionGroups/-/indexes [none]
[debug] [2026-06-24T02:32:35.474Z] <<< [apiv2][status] GET https://firestore.googleapis.com/v1/projects/convenience-store-manager/databases/(default)/collectionGroups/-/indexes 200
[debug] [2026-06-24T02:32:35.474Z] <<< [apiv2][body] GET https://firestore.googleapis.com/v1/projects/convenience-store-manager/databases/(default)/collectionGroups/-/indexes {"indexes":[{"name":"projects/convenience-store-manager/databases/(default)/collectionGroups/payrolls/indexes/CICAgJim14AJ","queryScope":"COLLECTION","fields":[{"fieldPath":"staffUid","order":"ASCENDING"},{"fieldPath":"month","order":"DESCENDING"},{"fieldPath":"__name__","order":"DESCENDING"}],"state":"READY","density":"SPARSE_ALL"},{"name":"projects/convenience-store-manager/databases/(default)/collectionGroups/users/indexes/CICAgJjF9oIJ","queryScope":"COLLECTION","fields":[{"fieldPath":"role","order":"ASCENDING"},{"fieldPath":"createdAt","order":"DESCENDING"},{"fieldPath":"__name__","order":"DESCENDING"}],"state":"READY","density":"SPARSE_ALL"},{"name":"projects/convenience-store-manager/databases/(default)/collectionGroups/orders/indexes/CICAgJiUpoMJ","queryScope":"COLLECTION","fields":[{"fieldPath":"cashierUID","order":"ASCENDING"},{"fieldPath":"createdAt","order":"DESCENDING"},{"fieldPath":"__name__","order":"DESCENDING"}],"state":"READY","density":"SPARSE_ALL"},{"name":"projects/convenience-store-manager/databases/(default)/collectionGroups/shiftAssignments/indexes/CICAgOi3kJAJ","queryScope":"COLLECTION","fields":[{"fieldPath":"shiftId","order":"ASCENDING"},{"fieldPath":"status","order":"ASCENDING"},{"fieldPath":"__name__","order":"ASCENDING"}],"state":"READY","density":"SPARSE_ALL"},{"name":"projects/convenience-store-manager/databases/(default)/collectionGroups/users/indexes/CICAgJiUsZIJ","queryScope":"COLLECTION","fields":[{"fieldPath":"isActive","order":"ASCENDING"},{"fieldPath":"createdAt","order":"DESCENDING"},{"fieldPath":"__name__","order":"DESCENDING"}],"state":"READY","density":"SPARSE_ALL"},{"name":"projects/convenience-store-manager/databases/(default)/collectionGroups/shiftAssignments/indexes/CICAgJim14AK","queryScope":"COLLECTION","fields":[{"fieldPath":"staffUid","order":"ASCENDING"},{"fieldPath":"date","order":"ASCENDING"},{"fieldPath":"status","order":"ASCENDING"},{"fieldPath":"__name__","order":"ASCENDING"}],"state":"READY","density":"SPARSE_ALL"},{"name":"projects/convenience-store-manager/databases/(default)/collectionGroups/orders/indexes/CICAgOjXh4EK","queryScope":"COLLECTION","fields":[{"fieldPath":"status","order":"ASCENDING"},{"fieldPath":"createdAt","order":"DESCENDING"},{"fieldPath":"__name__","order":"DESCENDING"}],"state":"READY","density":"SPARSE_ALL"},{"name":"projects/convenience-store-manager/databases/(default)/collectionGroups/payrolls/indexes/CICAgJj7z4EK","queryScope":"COLLECTION","fields":[{"fieldPath":"month","order":"ASCENDING"},{"fieldPath":"status","order":"ASCENDING"},{"fieldPath":"__name__","order":"ASCENDING"}],"state":"READY","density":"SPARSE_ALL"},{"name":"projects/convenience-store-manager/databases/(default)/collectionGroups/attendances/indexes/CICAgJjF9oIK","queryScope":"COLLECTION","fields":[{"fieldPath":"staffUid","order":"ASCENDING"},{"fieldPath":"date","order":"ASCENDING"},{"fieldPath":"__name__","order":"ASCENDING"}],"state":"READY","density":"SPARSE_ALL"},{"name":"projects/convenience-store-manager/databases/(default)/collectionGroups/orders/indexes/CICAgJiUpoMK","queryScope":"COLLECTION","fields":[{"fieldPath":"paymentMethod","order":"ASCENDING"},{"fieldPath":"createdAt","order":"DESCENDING"},{"fieldPath":"__name__","order":"DESCENDING"}],"state":"READY","density":"SPARSE_ALL"},{"name":"projects/convenience-store-manager/databases/(default)/collectionGroups/inventoryChecks/indexes/CICAgNi47oMK","queryScope":"COLLECTION","fields":[{"fieldPath":"status","order":"ASCENDING"},{"fieldPath":"createdAt","order":"DESCENDING"},{"fieldPath":"__name__","order":"DESCENDING"}],"state":"READY","density":"SPARSE_ALL"},{"name":"projects/convenience-store-manager/databases/(default)/collectionGroups/shiftAssignments/indexes/CICAgOi3kJAK","queryScope":"COLLECTION","fields":[{"fieldPath":"staffUid","order":"ASCENDING"},{"fieldPath":"date","order":"ASCENDING"},{"fieldPath":"__name__","order":"ASCENDING"}],"state":"READY","density":"SPARSE_ALL"},{"name":"projects/convenience-store-manager/databases/(default)/collectionGroups/attendances/indexes/CICAgJiUsZIK","queryScope":"COLLECTION","fields":[{"fieldPath":"staffUid","order":"ASCENDING"},{"fieldPath":"date","order":"DESCENDING"},{"fieldPath":"__name__","order":"DESCENDING"}],"state":"READY","density":"SPARSE_ALL"},{"name":"projects/convenience-store-manager/databases/(default)/collectionGroups/suppliers/indexes/CICAgJjFqZMK","queryScope":"COLLECTION","fields":[{"fieldPath":"isActive","order":"ASCENDING"},{"fieldPath":"createdAt","order":"DESCENDING"},{"fieldPath":"__name__","order":"DESCENDING"}],"state":"READY","density":"SPARSE_ALL"}]}
[debug] [2026-06-24T02:32:35.474Z] Checked if tokens are valid: true, expires at: 1782271952657
[debug] [2026-06-24T02:32:35.474Z] Checked if tokens are valid: true, expires at: 1782271952657
[debug] [2026-06-24T02:32:35.475Z] >>> [apiv2][query] GET https://firestore.googleapis.com/v1/projects/convenience-store-manager/databases/(default)/collectionGroups/-/fields?filter=indexConfig.usesAncestorConfig=false OR ttlConfig:* [none]
[debug] [2026-06-24T02:32:35.612Z] <<< [apiv2][status] GET https://firestore.googleapis.com/v1/projects/convenience-store-manager/databases/(default)/collectionGroups/-/fields?filter=indexConfig.usesAncestorConfig=false OR ttlConfig:* 200
[debug] [2026-06-24T02:32:35.612Z] <<< [apiv2][body] GET https://firestore.googleapis.com/v1/projects/convenience-store-manager/databases/(default)/collectionGroups/-/fields?filter=indexConfig.usesAncestorConfig=false OR ttlConfig:* {"fields":[{"name":"projects/convenience-store-manager/databases/(default)/collectionGroups/__default__/fields/*","indexConfig":{"indexes":[{"queryScope":"COLLECTION","fields":[{"fieldPath":"*","order":"ASCENDING"}],"state":"READY"},{"queryScope":"COLLECTION","fields":[{"fieldPath":"*","order":"DESCENDING"}],"state":"READY"},{"queryScope":"COLLECTION","fields":[{"fieldPath":"*","arrayConfig":"CONTAINS"}],"state":"READY"}]}}]}
[debug] [2026-06-24T02:32:35.614Z] Checked if tokens are valid: true, expires at: 1782271952657
[debug] [2026-06-24T02:32:35.614Z] Checked if tokens are valid: true, expires at: 1782271952657
[debug] [2026-06-24T02:32:35.614Z] >>> [apiv2][query] GET https://firestore.googleapis.com/v1/projects/convenience-store-manager/databases/(default) [none]
[debug] [2026-06-24T02:32:35.732Z] <<< [apiv2][status] GET https://firestore.googleapis.com/v1/projects/convenience-store-manager/databases/(default) 200
[debug] [2026-06-24T02:32:35.732Z] <<< [apiv2][body] GET https://firestore.googleapis.com/v1/projects/convenience-store-manager/databases/(default) {"name":"projects/convenience-store-manager/databases/(default)","uid":"99637f07-24df-4d95-8220-2ccb4dc70bc5","createTime":"2026-06-19T08:28:38.188802Z","updateTime":"2026-06-19T08:28:38.188802Z","locationId":"asia-east1","type":"FIRESTORE_NATIVE","concurrencyMode":"PESSIMISTIC","versionRetentionPeriod":"3600s","earliestVersionTime":"2026-06-24T01:33:42.869323Z","appEngineIntegrationMode":"DISABLED","keyPrefix":"zde","pointInTimeRecoveryEnablement":"POINT_IN_TIME_RECOVERY_DISABLED","deleteProtectionState":"DELETE_PROTECTION_DISABLED","databaseEdition":"STANDARD","freeTier":true,"realtimeUpdatesMode":"REALTIME_UPDATES_MODE_ENABLED","etag":"IMGc9aHrnpUDMIPZgqnzkpUD"}
[info] i  firestore: The following indexes are defined in your project but are not present in your firestore indexes file:
	(inventoryChecks) -- (status,ASCENDING) (createdAt,DESCENDING)  -- Density:SPARSE_ALL 
	(suppliers) -- (isActive,ASCENDING) (createdAt,DESCENDING)  -- Density:SPARSE_ALL  
[debug] [2026-06-24T02:33:44.532Z] ExitPromptError: User force closed the prompt with SIGINT
    at Interface.sigint (C:\Users\Admin\AppData\Roaming\npm\node_modules\firebase-tools\node_modules\@inquirer\core\dist\commonjs\lib\create-prompt.js:101:37)
    at Interface.emit (node:events:508:28)
    at [_ttyWrite] [as _ttyWrite] (node:internal/readline/interface:1317:18)
    at ReadStream.onkeypress (node:internal/readline/interface:284:20)
    at ReadStream.emit (node:events:520:35)
    at emitKeys (node:internal/readline/utils:371:14)
    at emitKeys.next (<anonymous>)
    at ReadStream.onData (node:internal/readline/emitKeypressEvents:64:36)
    at ReadStream.emit (node:events:508:28)
    at addChunk (node:internal/streams/readable:559:12)
[error] 
[error] Error: An unexpected error has occurred.
